\BOOKMARK [1][-]{section.1}{\376\377\000I\000n\000t\000r\000o\000d\000u\000c\000t\000i\000o\000n}{}% 1
\BOOKMARK [1][-]{section.2}{\376\377\000O\000b\000j\000e\000c\000t\000\040\000C\000l\000a\000s\000s\000i\000f\000i\000c\000a\000t\000i\000o\000n}{}% 2
\BOOKMARK [2][-]{subsection.2.1}{\376\377\000P\000r\000o\000b\000l\000e\000m\000\040\000a\000n\000a\000l\000y\000s\000i\000s}{section.2}% 3
\BOOKMARK [2][-]{subsection.2.2}{\376\377\000A\000r\000c\000h\000i\000t\000e\000c\000t\000u\000r\000e}{section.2}% 4
\BOOKMARK [2][-]{subsection.2.3}{\376\377\000W\000e\000i\000g\000h\000t\000\040\000i\000n\000i\000t\000i\000a\000l\000i\000z\000a\000t\000i\000o\000n}{section.2}% 5
\BOOKMARK [2][-]{subsection.2.4}{\376\377\000A\000u\000g\000m\000e\000n\000t\000a\000t\000i\000o\000n}{section.2}% 6
\BOOKMARK [2][-]{subsection.2.5}{\376\377\000D\000a\000t\000a\000s\000e\000t\000\040\000B\000a\000l\000a\000n\000c\000i\000n\000g}{section.2}% 7
\BOOKMARK [2][-]{subsection.2.6}{\376\377\000T\000r\000a\000i\000n\000i\000n\000g}{section.2}% 8
\BOOKMARK [2][-]{subsection.2.7}{\376\377\000M\000e\000t\000r\000i\000c\000s}{section.2}% 9
\BOOKMARK [1][-]{section.3}{\376\377\000E\000x\000p\000e\000r\000i\000m\000e\000n\000t\000s}{}% 10
\BOOKMARK [2][-]{subsection.3.1}{\376\377\000P\000r\000o\000c\000e\000d\000u\000r\000e}{section.3}% 11
\BOOKMARK [2][-]{subsection.3.2}{\376\377\000H\000y\000p\000e\000r\000p\000a\000r\000a\000m\000e\000t\000e\000r\000\040\000s\000e\000l\000e\000c\000t\000i\000o\000n}{section.3}% 12
\BOOKMARK [2][-]{subsection.3.3}{\376\377\000G\000r\000a\000d\000\040\000c\000a\000m}{section.3}% 13
\BOOKMARK [1][-]{section.4}{\376\377\000R\000e\000s\000u\000l\000t\000s}{}% 14
\BOOKMARK [1][-]{section.5}{\376\377\000H\000e\000a\000d\000i\000n\000g\000s\000:\000\040\000f\000i\000r\000s\000t\000\040\000l\000e\000v\000e\000l}{}% 15
\BOOKMARK [2][-]{subsection.5.1}{\376\377\000H\000e\000a\000d\000i\000n\000g\000s\000:\000\040\000s\000e\000c\000o\000n\000d\000\040\000l\000e\000v\000e\000l}{section.5}% 16
\BOOKMARK [3][-]{subsubsection.5.1.1}{\376\377\000H\000e\000a\000d\000i\000n\000g\000s\000:\000\040\000t\000h\000i\000r\000d\000\040\000l\000e\000v\000e\000l}{subsection.5.1}% 17
\BOOKMARK [1][-]{section.6}{\376\377\000E\000x\000a\000m\000p\000l\000e\000s\000\040\000o\000f\000\040\000c\000i\000t\000a\000t\000i\000o\000n\000s\000,\000\040\000f\000i\000g\000u\000r\000e\000s\000,\000\040\000t\000a\000b\000l\000e\000s\000,\000\040\000r\000e\000f\000e\000r\000e\000n\000c\000e\000s}{}% 18
\BOOKMARK [2][-]{subsection.6.1}{\376\377\000F\000i\000g\000u\000r\000e\000s}{section.6}% 19
\BOOKMARK [2][-]{subsection.6.2}{\376\377\000T\000a\000b\000l\000e\000s}{section.6}% 20
\BOOKMARK [2][-]{subsection.6.3}{\376\377\000L\000i\000s\000t\000s}{section.6}% 21
